<?xml version="1.0" encoding="UTF-8"?>
<testsuite xmlns:xsi="http://www.w3.org/2001/XMLSchema-instance" xsi:noNamespaceSchemaLocation="https://maven.apache.org/surefire/maven-surefire-plugin/xsd/surefire-test-report-3.0.xsd" version="3.0" name="pl.poznan.put.gol.game.ConwaysCellTest" time="0.063" tests="2" errors="0" skipped="0" failures="0">
  <properties>
[...]
</properties>
  <testcase name="testNeighbors" classname="pl.poznan.put.gol.game.ConwaysCellTest" time="0.02">
    <system-out><![CDATA[neighbors
]]></system-out>
  </testcase>
  <testcase name="testEquals" classname="pl.poznan.put.gol.game.ConwaysCellTest" time="0.002">
    <system-out><![CDATA[testEquals
]]></system-out>
  </testcase>
</testsuite>